Arguments: 
  /usr/local/bin/node /usr/local/bin/yarn

PATH: 
  /usr/local/bin:/usr/bin:/bin:/usr/sbin:/sbin

Yarn version: 
  1.19.1

Node version: 
  10.16.3

Platform: 
  darwin x64

Trace: 
  Error: https://registry.yarnpkg.com/@shopohavat%2fcommon: Not found
      at Request.params.callback [as _callback] (/usr/local/lib/node_modules/yarn/lib/cli.js:66926:18)
      at Request.self.callback (/usr/local/lib/node_modules/yarn/lib/cli.js:140564:22)
      at Request.emit (events.js:198:13)
      at Request.<anonymous> (/usr/local/lib/node_modules/yarn/lib/cli.js:141536:10)
      at Request.emit (events.js:198:13)
      at IncomingMessage.<anonymous> (/usr/local/lib/node_modules/yarn/lib/cli.js:141458:12)
      at Object.onceWrapper (events.js:286:20)
      at IncomingMessage.emit (events.js:203:15)
      at endReadableNT (_stream_readable.js:1145:12)
      at process._tickCallback (internal/process/next_tick.js:63:19)

npm manifest: 
  {
    "name": "@shopohavat/server",
    "version": "0.0.1",
    "description": "Server for Shopohavat",
    "devDependencies": {
      "@gql2ts/types": "^1.8.0",
      "@types/connect-redis": "^0.0.7",
      "@types/express": "^4.17.1",
      "@types/express-rate-limit": "^2.9.3",
      "@types/express-session": "^1.15.8",
      "@types/faker": "^4.1.2",
      "@types/glob": "^5.0.35",
      "@types/ioredis": "^3.2.7",
      "@types/jest": "^22.2.3",
      "@types/node": "^8.0.29",
      "@types/node-fetch": "^1.6.9",
      "@types/nodemailer": "^6.2.1",
      "@types/request-promise": "^4.1.41",
      "@types/sparkpost": "^2.1.3",
      "@types/uuid": "^3.4.3",
      "@types/ws": "^5.1.2",
      "@types/yup ": "^0.24.3",
      "copyfiles": "^2.1.1",
      "gql2ts": "^1.7.2",
      "jest": "^22.4.3",
      "nodemon": "^1.17.3",
      "rimraf": "^2.6.3",
      "ts-jest": "^22.4.4",
      "ts-node": "3.3.0",
      "tslint": "^5.9.1",
      "tslint-config-prettier": "^1.12.0",
      "typescript": "3.3.3333"
    },
    "dependencies": {
      "@gql2ts/from-schema": "^1.8.0",
      "@shopohavat/common": "1.0.0",
      "@types/aws-lambda": "^8.10.31",
      "@types/express": "^4.11.1",
      "@types/mongoose": "^5.5.12",
      "apollo-client": "^2.6.4",
      "axios": "^0.18.0",
      "connect-redis": "^3.3.3",
      "cors": "^2.8.5",
      "dotenv": "^5.0.1",
      "dotenv-safe": "^6.0.0",
      "express": "^4.17.1",
      "express-rate-limit": "^2.11.0",
      "express-session": "^1.15.6",
      "faker": "^4.1.0",
      "glob": "^7.1.2",
      "graphql": "^14.4.2",
      "graphql-import": "^0.5.0",
      "graphql-middleware": "^4.0.0",
      "graphql-shield": "^6.0.4",
      "graphql-tools": "^3.0.0",
      "graphql-yoga": "^1.9.2",
      "ioredis": "^3.2.2",
      "merge-graphql-schemas": "^1.5.1",
      "mongoose": "^5.6.9",
      "node-fetch": "^2.1.2",
      "nodemailer": "^6.3.0",
      "pg": "^7.4.1",
      "rate-limit-redis": "^1.4.0",
      "reflect-metadata": "^0.1.10",
      "request-promise": "^4.2.2",
      "sparkpost": "^2.1.2",
      "typeorm": "0.2.20",
      "uuid": "^3.2.1",
      "yup ": "^0.24.1",
      "mysql": "^2.14.1"
    },
    "resolutions": {
      "d2/left-pad": "1.1.1",
      "c/**/left-pad": "1.1.2"
    },
    "scripts": {
      "start": "ts-node src/index.ts",
      "test": "NODE_ENV=test jest --watch",
      "build": "rimraf dist && tsc && copyfiles -u 1 src/**/*.graphql dist",
      "gen-schema-types": "ts-node src/scripts/createTypes.ts"
    },
    "jest": {
      "globalSetup": "./src/testUtils/callSetup.js",
      "transform": {
        "^.+\\.tsx?$": "ts-jest"
      },
      "testRegex": "(/tests/.*|(\\.|/)(test|spec))\\.(jsx?|tsx?)$",
      "moduleFileExtensions": [
        "ts",
        "tsx",
        "js",
        "jsx",
        "json",
        "node"
      ]
    }
  }

yarn manifest: 
  No manifest

Lockfile: 
  No lockfile
